info @storybook/react v6.5.16
info 
info => Cleaning outputDir: /Users/marqueswebster/Documents/Projects/nava-website/storybook-static
info => Loading presets
info Found existing addon "@storybook/addon-docs", skipping.
info Found existing addon "@storybook/addon-controls", skipping.
info => Compiling manager..
info => Compiling preview..
info Addon-docs: using MDX1
info => Using implicit CSS loaders
info => Using default Webpack4 setup
<s> [webpack.Progress] 0% compiling
<s> [webpack.Progress] 10% building 0/0 modules 0 active 
<s> [webpack.Progress] 10% building 0/1 modules 1 active multi /Users/marqueswebster/Documents/Projects/nava-website/node_modules/@storybook/core-client/dist/esm/globals/polyfills.js /Users/marqueswebster/Documents/Projects/nava-website/node_modules/@storybook/core-client/dist/esm/globals/globals.js /Users/marqueswebster/Documents/Projects/nava-website/storybook-init-framework-entry.js /Users/marqueswebster/Documents/Projects/nava-website/node_modules/@storybook/react/dist/esm/client/docs/config-generated-config-entry.js /Users/marqueswebster/Documents/Projects/nava-website/node_modules/@storybook/react/dist/esm/client/preview/config-generated-config-entry.js /Users/marqueswebster/Documents/Projects/nava-website/node_modules/@storybook/addon-docs/preview.js-generated-config-entry.js /Users/marqueswebster/Documents/Projects/nava-website/node_modules/@storybook/addon-actions/preview.js-generated-config-entry.js /Users/marqueswebster/Documents/Projects/nava-website/node_modules/@storybook/addon-backgrounds/preview.js-generated-config-entry.js /Users/marqueswebster/Documents/Projects/nava-website/node_modules/@storybook/addon-measure/preview.js-generated-config-entry.js /Users/marqueswebster/Documents/Projects/nava-website/node_modules/@storybook/addon-outline/preview.js-generated-config-entry.js /Users/marqueswebster/Documents/Projects/nava-website/node_modules/@storybook/addon-a11y/preview.js-generated-config-entry.js /Users/marqueswebster/Documents/Projects/nava-website/node_modules/@storybook/addon-links/dist/esm/preset/addDecorator.js-generated-config-entry.js /Users/marqueswebster/Documents/Projects/nava-website/.storybook/preview.js-generated-config-entry.js /Users/marqueswebster/Documents/Projects/nava-website/generated-stories-entry.js
<s> [webpack.Progress] 10% building 1/1 modules 0 active 
<s> [webpack.Progress] 10% building 1/2 modules 1 active /Users/marqueswebster/Documents/Projects/nava-website/node_modules/@storybook/addon-docs/preview.js-generated-config-entry.js
<s> [webpack.Progress] 10% building 1/3 modules 2 active /Users/marqueswebster/Documents/Projects/nava-website/node_modules/@storybook/addon-actions/preview.js-generated-config-entry.js
<s> [webpack.Progress] 10% building 1/4 modules 3 active /Users/marqueswebster/Documents/Projects/nava-website/node_modules/@storybook/addon-measure/preview.js-generated-config-entry.js
<s> [webpack.Progress] 10% building 1/5 modules 4 active /Users/marqueswebster/Documents/Projects/nava-website/node_modules/@storybook/addon-outline/preview.js-generated-config-entry.js
<s> [webpack.Progress] 10% building 1/6 modules 5 active /Users/marqueswebster/Documents/Projects/nava-website/node_modules/@storybook/addon-backgrounds/preview.js-generated-config-entry.js
<s> [webpack.Progress] 10% building 1/7 modules 6 active /Users/marqueswebster/Documents/Projects/nava-website/node_modules/@storybook/addon-a11y/preview.js-generated-config-entry.js
node:internal/crypto/hash:71
  this[kHandle] = new _Hash(algorithm, xofLen);
                  ^

Error: error:0308010C:digital envelope routines::unsupported
    at new Hash (node:internal/crypto/hash:71:19)
    at Object.createHash (node:crypto:140:10)
    at module.exports (/Users/marqueswebster/Documents/Projects/nava-website/node_modules/webpack/lib/util/createHash.js:135:53)
    at NormalModule._initBuildHash (/Users/marqueswebster/Documents/Projects/nava-website/node_modules/webpack/lib/NormalModule.js:417:16)
    at handleParseError (/Users/marqueswebster/Documents/Projects/nava-website/node_modules/webpack/lib/NormalModule.js:471:10)
    at /Users/marqueswebster/Documents/Projects/nava-website/node_modules/webpack/lib/NormalModule.js:503:5
    at /Users/marqueswebster/Documents/Projects/nava-website/node_modules/webpack/lib/NormalModule.js:358:12
    at /Users/marqueswebster/Documents/Projects/nava-website/node_modules/loader-runner/lib/LoaderRunner.js:373:3
    at iterateNormalLoaders (/Users/marqueswebster/Documents/Projects/nava-website/node_modules/loader-runner/lib/LoaderRunner.js:214:10)
    at /Users/marqueswebster/Documents/Projects/nava-website/node_modules/loader-runner/lib/LoaderRunner.js:205:4
    at /Users/marqueswebster/Documents/Projects/nava-website/node_modules/enhanced-resolve/lib/CachedInputFileSystem.js:85:15
    at process.processTicksAndRejections (node:internal/process/task_queues:77:11) {
  opensslErrorStack: [ 'error:03000086:digital envelope routines::initialization error' ],
  library: 'digital envelope routines',
  reason: 'unsupported',
  code: 'ERR_OSSL_EVP_UNSUPPORTED'
}

Node.js v19.8.1
